<?xml version="1.0" encoding="utf-8"?><testsuites><testsuite name="pytest" errors="0" failures="0" skipped="0" tests="6" time="0.734" timestamp="2022-07-06T21:28:13.839710" hostname="RROAPC"><testcase classname="test_bmi_data" name="test_random_values" time="0.003" /><testcase classname="test_bmi_data" name="test_data_gen_and_filtering" time="0.002" /><testcase classname="test_bmi_data" name="test_bmi_category_count" time="0.002" /><testcase classname="test_bmi_data" name="test_bmi_category" time="0.001" /><testcase classname="test_bmi_data" name="test_health_risk" time="0.001" /><testcase classname="test_bmi_data" name="test_file_creation" time="0.002" /></testsuite></testsuites>